Performing C SOURCE FILE Test CMAKE_HAVE_LIBC_PTHREAD failed with the following output:
Change Dir: /home/aluno/CLionProjects/Prog2/Unidade3/Vetor_Dinâmico/cmake-build-debug/CMakeFiles/CMakeScratch/TryCompile-pUu5eo

Run Build Command(s):/snap/clion/237/bin/ninja/linux/x64/ninja cmTC_cf4bd && [1/2] Building C object CMakeFiles/cmTC_cf4bd.dir/src.c.o
[2/2] Linking C executable cmTC_cf4bd
FAILED: cmTC_cf4bd 
: && /usr/bin/cc   CMakeFiles/cmTC_cf4bd.dir/src.c.o -o cmTC_cf4bd   && :
/usr/bin/ld: CMakeFiles/cmTC_cf4bd.dir/src.c.o: na função "main":
src.c:(.text+0x2f): referência não definida para "pthread_create"
/usr/bin/ld: src.c:(.text+0x3b): referência não definida para "pthread_detach"
/usr/bin/ld: src.c:(.text+0x47): referência não definida para "pthread_cancel"
/usr/bin/ld: src.c:(.text+0x58): referência não definida para "pthread_join"
collect2: error: ld returned 1 exit status
ninja: build stopped: subcommand failed.


Source file was:
#include <pthread.h>

static void* test_func(void* data)
{
  return data;
}

int main(void)
{
  pthread_t thread;
  pthread_create(&thread, NULL, test_func, NULL);
  pthread_detach(thread);
  pthread_cancel(thread);
  pthread_join(thread, NULL);
  pthread_atfork(NULL, NULL, NULL);
  pthread_exit(NULL);

  return 0;
}


Determining if the function pthread_create exists in the pthreads failed with the following output:
Change Dir: /home/aluno/CLionProjects/Prog2/Unidade3/Vetor_Dinâmico/cmake-build-debug/CMakeFiles/CMakeScratch/TryCompile-KUcAcn

Run Build Command(s):/snap/clion/237/bin/ninja/linux/x64/ninja cmTC_3a7dd && [1/2] Building C object CMakeFiles/cmTC_3a7dd.dir/CheckFunctionExists.c.o
[2/2] Linking C executable cmTC_3a7dd
FAILED: cmTC_3a7dd 
: && /usr/bin/cc -DCHECK_FUNCTION_EXISTS=pthread_create  CMakeFiles/cmTC_3a7dd.dir/CheckFunctionExists.c.o -o cmTC_3a7dd  -lpthreads && :
/usr/bin/ld: não foi possível localizar -lpthreads
collect2: error: ld returned 1 exit status
ninja: build stopped: subcommand failed.



